<?xml version="1.0" encoding="UTF-8"?>
<!-- Generated by org.testng.reporters.JUnitReportReporter -->
<testsuite skipped="0" hostname="LAPTOP-UHFNO702" name="test.OutLookTest" tests="1" failures="0" timestamp="2021-04-09T09:27:38 EDT" time="14.525" errors="0">
  <testcase name="setUp" time="14.525" classname="test.OutLookTest"/>
  <system-out/>
</testsuite> <!-- test.OutLookTest -->
